d:\_yym\project\fakehex\fakehex\debug\vc141.pdb
d:\_yym\project\fakehex\fakehex\debug\vc141.idb
d:\_yym\project\fakehex\fakehex\debug\fakehexdlg.obj
d:\_yym\project\fakehex\fakehex\debug\fakehex.obj
d:\_yym\project\fakehex\fakehex\debug\tool.obj
d:\_yym\project\fakehex\fakehex\debug\board.obj
d:\_yym\project\fakehex\fakehex\debug\fakehex.pch
d:\_yym\project\fakehex\fakehex\debug\stdafx.obj
d:\_yym\project\fakehex\fakehex\debug\disjointsets.obj
d:\_yym\project\fakehex\debug\fakehex.exe
d:\_yym\project\fakehex\debug\fakehex.ilk
d:\_yym\project\fakehex\debug\fakehex.pdb
d:\_yym\project\fakehex\fakehex\debug\fakehex.res
d:\_yym\project\fakehex\fakehex\debug\fakehex.tlog\cl.command.1.tlog
d:\_yym\project\fakehex\fakehex\debug\fakehex.tlog\cl.read.1.tlog
d:\_yym\project\fakehex\fakehex\debug\fakehex.tlog\cl.write.1.tlog
d:\_yym\project\fakehex\fakehex\debug\fakehex.tlog\link.command.1.tlog
d:\_yym\project\fakehex\fakehex\debug\fakehex.tlog\link.read.1.tlog
d:\_yym\project\fakehex\fakehex\debug\fakehex.tlog\link.write.1.tlog
d:\_yym\project\fakehex\fakehex\debug\fakehex.tlog\rc.command.1.tlog
d:\_yym\project\fakehex\fakehex\debug\fakehex.tlog\rc.read.1.tlog
d:\_yym\project\fakehex\fakehex\debug\fakehex.tlog\rc.write.1.tlog
